ERROR - 2021-12-06 09:54:05 --> Error connecting to the database: Nenhuma conexão pôde ser feita porque a máquina de destino as recusou ativamente.

CRITICAL - 2021-12-06 09:54:05 --> Unable to connect to the database.
Main connection [MySQLi]: Nenhuma conexão pôde ser feita porque a máquina de destino as recusou ativamente.

#0 C:\wamp64\www\CodeIgniter4-develop\system\Database\BaseConnection.php(577): CodeIgniter\Database\BaseConnection->initialize()
#1 C:\wamp64\www\CodeIgniter4-develop\system\Database\BaseBuilder.php(1444): CodeIgniter\Database\BaseConnection->query('SELECT *\nFROM `...', Array, false)
#2 C:\wamp64\www\CodeIgniter4-develop\system\Model.php(183): CodeIgniter\Database\BaseBuilder->get()
#3 C:\wamp64\www\CodeIgniter4-develop\system\BaseModel.php(584): CodeIgniter\Model->doFindAll(0, 0)
#4 C:\wamp64\www\CodeIgniter4-develop\app\Controllers\ContratosController.php(12): CodeIgniter\BaseModel->findAll()
#5 C:\wamp64\www\CodeIgniter4-develop\system\CodeIgniter.php(824): App\Controllers\ContratosController->index()
#6 C:\wamp64\www\CodeIgniter4-develop\system\CodeIgniter.php(410): CodeIgniter\CodeIgniter->runController(Object(App\Controllers\ContratosController))
#7 C:\wamp64\www\CodeIgniter4-develop\system\CodeIgniter.php(318): CodeIgniter\CodeIgniter->handleRequest(NULL, Object(Config\Cache), false)
#8 C:\wamp64\www\CodeIgniter4-develop\public\index.php(37): CodeIgniter\CodeIgniter->run()
#9 {main}
CRITICAL - 2021-12-06 10:24:10 --> Use of undefined constant VENDORPATH - assumed 'VENDORPATH' (this will throw an Error in a future version of PHP)
#0 C:\wamp64\www\CodeIgniter4-develop\system\Debug\Toolbar\Collectors\Database.php(144): CodeIgniter\Debug\Exceptions->errorHandler(2, 'Use of undefine...', 'C:\\wamp64\\www\\C...', 144, Array)
#1 [internal function]: CodeIgniter\Debug\Toolbar\Collectors\Database::CodeIgniter\Debug\Toolbar\Collectors\{closure}(Array)
#2 C:\wamp64\www\CodeIgniter4-develop\system\Debug\Toolbar\Collectors\Database.php(163): array_map(Object(Closure), Array)
#3 C:\wamp64\www\CodeIgniter4-develop\system\Debug\Toolbar\Collectors\BaseCollector.php(224): CodeIgniter\Debug\Toolbar\Collectors\Database->display()
#4 C:\wamp64\www\CodeIgniter4-develop\system\Debug\Toolbar.php(90): CodeIgniter\Debug\Toolbar\Collectors\BaseCollector->getAsArray()
#5 C:\wamp64\www\CodeIgniter4-develop\system\Debug\Toolbar.php(368): CodeIgniter\Debug\Toolbar->run(1638807850.2584, 0.0484, Object(CodeIgniter\HTTP\IncomingRequest), Object(CodeIgniter\HTTP\Response))
#6 C:\wamp64\www\CodeIgniter4-develop\system\Filters\DebugToolbar.php(40): CodeIgniter\Debug\Toolbar->prepare(Object(CodeIgniter\HTTP\IncomingRequest), Object(CodeIgniter\HTTP\Response))
#7 C:\wamp64\www\CodeIgniter4-develop\system\Filters\Filters.php(196): CodeIgniter\Filters\DebugToolbar->after(Object(CodeIgniter\HTTP\IncomingRequest), Object(CodeIgniter\HTTP\Response), NULL)
#8 C:\wamp64\www\CodeIgniter4-develop\system\CodeIgniter.php(427): CodeIgniter\Filters\Filters->run('contratos', 'after')
#9 C:\wamp64\www\CodeIgniter4-develop\system\CodeIgniter.php(318): CodeIgniter\CodeIgniter->handleRequest(NULL, Object(Config\Cache), false)
#10 C:\wamp64\www\CodeIgniter4-develop\public\index.php(37): CodeIgniter\CodeIgniter->run()
#11 {main}
CRITICAL - 2021-12-06 10:24:11 --> Use of undefined constant VENDORPATH - assumed 'VENDORPATH' (this will throw an Error in a future version of PHP)
#0 C:\wamp64\www\CodeIgniter4-develop\system\Debug\Toolbar\Collectors\Database.php(144): CodeIgniter\Debug\Exceptions->errorHandler(2, 'Use of undefine...', 'C:\\wamp64\\www\\C...', 144, Array)
#1 [internal function]: CodeIgniter\Debug\Toolbar\Collectors\Database::CodeIgniter\Debug\Toolbar\Collectors\{closure}(Array)
#2 C:\wamp64\www\CodeIgniter4-develop\system\Debug\Toolbar\Collectors\Database.php(163): array_map(Object(Closure), Array)
#3 C:\wamp64\www\CodeIgniter4-develop\system\Debug\Toolbar\Collectors\BaseCollector.php(224): CodeIgniter\Debug\Toolbar\Collectors\Database->display()
#4 C:\wamp64\www\CodeIgniter4-develop\system\Debug\Toolbar.php(90): CodeIgniter\Debug\Toolbar\Collectors\BaseCollector->getAsArray()
#5 C:\wamp64\www\CodeIgniter4-develop\system\Debug\Toolbar.php(368): CodeIgniter\Debug\Toolbar->run(1638807851.4053, 0.0444, Object(CodeIgniter\HTTP\IncomingRequest), Object(CodeIgniter\HTTP\Response))
#6 C:\wamp64\www\CodeIgniter4-develop\system\Filters\DebugToolbar.php(40): CodeIgniter\Debug\Toolbar->prepare(Object(CodeIgniter\HTTP\IncomingRequest), Object(CodeIgniter\HTTP\Response))
#7 C:\wamp64\www\CodeIgniter4-develop\system\Filters\Filters.php(196): CodeIgniter\Filters\DebugToolbar->after(Object(CodeIgniter\HTTP\IncomingRequest), Object(CodeIgniter\HTTP\Response), NULL)
#8 C:\wamp64\www\CodeIgniter4-develop\system\CodeIgniter.php(427): CodeIgniter\Filters\Filters->run('contratos', 'after')
#9 C:\wamp64\www\CodeIgniter4-develop\system\CodeIgniter.php(318): CodeIgniter\CodeIgniter->handleRequest(NULL, Object(Config\Cache), false)
#10 C:\wamp64\www\CodeIgniter4-develop\public\index.php(37): CodeIgniter\CodeIgniter->run()
#11 {main}
CRITICAL - 2021-12-06 10:26:40 --> Use of undefined constant VENDORPATH - assumed 'VENDORPATH' (this will throw an Error in a future version of PHP)
#0 C:\wamp64\www\CodeIgniter4-develop\system\Debug\Toolbar\Collectors\Database.php(144): CodeIgniter\Debug\Exceptions->errorHandler(2, 'Use of undefine...', 'C:\\wamp64\\www\\C...', 144, Array)
#1 [internal function]: CodeIgniter\Debug\Toolbar\Collectors\Database::CodeIgniter\Debug\Toolbar\Collectors\{closure}(Array)
#2 C:\wamp64\www\CodeIgniter4-develop\system\Debug\Toolbar\Collectors\Database.php(163): array_map(Object(Closure), Array)
#3 C:\wamp64\www\CodeIgniter4-develop\system\Debug\Toolbar\Collectors\BaseCollector.php(224): CodeIgniter\Debug\Toolbar\Collectors\Database->display()
#4 C:\wamp64\www\CodeIgniter4-develop\system\Debug\Toolbar.php(90): CodeIgniter\Debug\Toolbar\Collectors\BaseCollector->getAsArray()
#5 C:\wamp64\www\CodeIgniter4-develop\system\Debug\Toolbar.php(368): CodeIgniter\Debug\Toolbar->run(1638808000.2913, 0.052, Object(CodeIgniter\HTTP\IncomingRequest), Object(CodeIgniter\HTTP\Response))
#6 C:\wamp64\www\CodeIgniter4-develop\system\Filters\DebugToolbar.php(40): CodeIgniter\Debug\Toolbar->prepare(Object(CodeIgniter\HTTP\IncomingRequest), Object(CodeIgniter\HTTP\Response))
#7 C:\wamp64\www\CodeIgniter4-develop\system\Filters\Filters.php(196): CodeIgniter\Filters\DebugToolbar->after(Object(CodeIgniter\HTTP\IncomingRequest), Object(CodeIgniter\HTTP\Response), NULL)
#8 C:\wamp64\www\CodeIgniter4-develop\system\CodeIgniter.php(427): CodeIgniter\Filters\Filters->run('contratos', 'after')
#9 C:\wamp64\www\CodeIgniter4-develop\system\CodeIgniter.php(318): CodeIgniter\CodeIgniter->handleRequest(NULL, Object(Config\Cache), false)
#10 C:\wamp64\www\CodeIgniter4-develop\public\index.php(37): CodeIgniter\CodeIgniter->run()
#11 {main}
CRITICAL - 2021-12-06 10:26:42 --> Use of undefined constant VENDORPATH - assumed 'VENDORPATH' (this will throw an Error in a future version of PHP)
#0 C:\wamp64\www\CodeIgniter4-develop\system\Debug\Toolbar\Collectors\Database.php(144): CodeIgniter\Debug\Exceptions->errorHandler(2, 'Use of undefine...', 'C:\\wamp64\\www\\C...', 144, Array)
#1 [internal function]: CodeIgniter\Debug\Toolbar\Collectors\Database::CodeIgniter\Debug\Toolbar\Collectors\{closure}(Array)
#2 C:\wamp64\www\CodeIgniter4-develop\system\Debug\Toolbar\Collectors\Database.php(163): array_map(Object(Closure), Array)
#3 C:\wamp64\www\CodeIgniter4-develop\system\Debug\Toolbar\Collectors\BaseCollector.php(224): CodeIgniter\Debug\Toolbar\Collectors\Database->display()
#4 C:\wamp64\www\CodeIgniter4-develop\system\Debug\Toolbar.php(90): CodeIgniter\Debug\Toolbar\Collectors\BaseCollector->getAsArray()
#5 C:\wamp64\www\CodeIgniter4-develop\system\Debug\Toolbar.php(368): CodeIgniter\Debug\Toolbar->run(1638808002.3522, 0.0366, Object(CodeIgniter\HTTP\IncomingRequest), Object(CodeIgniter\HTTP\Response))
#6 C:\wamp64\www\CodeIgniter4-develop\system\Filters\DebugToolbar.php(40): CodeIgniter\Debug\Toolbar->prepare(Object(CodeIgniter\HTTP\IncomingRequest), Object(CodeIgniter\HTTP\Response))
#7 C:\wamp64\www\CodeIgniter4-develop\system\Filters\Filters.php(196): CodeIgniter\Filters\DebugToolbar->after(Object(CodeIgniter\HTTP\IncomingRequest), Object(CodeIgniter\HTTP\Response), NULL)
#8 C:\wamp64\www\CodeIgniter4-develop\system\CodeIgniter.php(427): CodeIgniter\Filters\Filters->run('contratos', 'after')
#9 C:\wamp64\www\CodeIgniter4-develop\system\CodeIgniter.php(318): CodeIgniter\CodeIgniter->handleRequest(NULL, Object(Config\Cache), false)
#10 C:\wamp64\www\CodeIgniter4-develop\public\index.php(37): CodeIgniter\CodeIgniter->run()
#11 {main}
CRITICAL - 2021-12-06 10:34:18 --> Use of undefined constant VENDORPATH - assumed 'VENDORPATH' (this will throw an Error in a future version of PHP)
#0 C:\wamp64\www\CodeIgniter4-develop\system\Debug\Toolbar\Collectors\Database.php(144): CodeIgniter\Debug\Exceptions->errorHandler(2, 'Use of undefine...', 'C:\\wamp64\\www\\C...', 144, Array)
#1 [internal function]: CodeIgniter\Debug\Toolbar\Collectors\Database::CodeIgniter\Debug\Toolbar\Collectors\{closure}(Array)
#2 C:\wamp64\www\CodeIgniter4-develop\system\Debug\Toolbar\Collectors\Database.php(163): array_map(Object(Closure), Array)
#3 C:\wamp64\www\CodeIgniter4-develop\system\Debug\Toolbar\Collectors\BaseCollector.php(224): CodeIgniter\Debug\Toolbar\Collectors\Database->display()
#4 C:\wamp64\www\CodeIgniter4-develop\system\Debug\Toolbar.php(90): CodeIgniter\Debug\Toolbar\Collectors\BaseCollector->getAsArray()
#5 C:\wamp64\www\CodeIgniter4-develop\system\Debug\Toolbar.php(368): CodeIgniter\Debug\Toolbar->run(1638808458.2456, 0.0424, Object(CodeIgniter\HTTP\IncomingRequest), Object(CodeIgniter\HTTP\Response))
#6 C:\wamp64\www\CodeIgniter4-develop\system\Filters\DebugToolbar.php(40): CodeIgniter\Debug\Toolbar->prepare(Object(CodeIgniter\HTTP\IncomingRequest), Object(CodeIgniter\HTTP\Response))
#7 C:\wamp64\www\CodeIgniter4-develop\system\Filters\Filters.php(196): CodeIgniter\Filters\DebugToolbar->after(Object(CodeIgniter\HTTP\IncomingRequest), Object(CodeIgniter\HTTP\Response), NULL)
#8 C:\wamp64\www\CodeIgniter4-develop\system\CodeIgniter.php(427): CodeIgniter\Filters\Filters->run('contratos', 'after')
#9 C:\wamp64\www\CodeIgniter4-develop\system\CodeIgniter.php(318): CodeIgniter\CodeIgniter->handleRequest(NULL, Object(Config\Cache), false)
#10 C:\wamp64\www\CodeIgniter4-develop\public\index.php(37): CodeIgniter\CodeIgniter->run()
#11 {main}
CRITICAL - 2021-12-06 10:35:32 --> Use of undefined constant VENDORPATH - assumed 'VENDORPATH' (this will throw an Error in a future version of PHP)
#0 C:\wamp64\www\CodeIgniter4-develop\system\Debug\Toolbar\Collectors\Database.php(144): CodeIgniter\Debug\Exceptions->errorHandler(2, 'Use of undefine...', 'C:\\wamp64\\www\\C...', 144, Array)
#1 [internal function]: CodeIgniter\Debug\Toolbar\Collectors\Database::CodeIgniter\Debug\Toolbar\Collectors\{closure}(Array)
#2 C:\wamp64\www\CodeIgniter4-develop\system\Debug\Toolbar\Collectors\Database.php(163): array_map(Object(Closure), Array)
#3 C:\wamp64\www\CodeIgniter4-develop\system\Debug\Toolbar\Collectors\BaseCollector.php(224): CodeIgniter\Debug\Toolbar\Collectors\Database->display()
#4 C:\wamp64\www\CodeIgniter4-develop\system\Debug\Toolbar.php(90): CodeIgniter\Debug\Toolbar\Collectors\BaseCollector->getAsArray()
#5 C:\wamp64\www\CodeIgniter4-develop\system\Debug\Toolbar.php(368): CodeIgniter\Debug\Toolbar->run(1638808532.6065, 0.0382, Object(CodeIgniter\HTTP\IncomingRequest), Object(CodeIgniter\HTTP\Response))
#6 C:\wamp64\www\CodeIgniter4-develop\system\Filters\DebugToolbar.php(40): CodeIgniter\Debug\Toolbar->prepare(Object(CodeIgniter\HTTP\IncomingRequest), Object(CodeIgniter\HTTP\Response))
#7 C:\wamp64\www\CodeIgniter4-develop\system\Filters\Filters.php(196): CodeIgniter\Filters\DebugToolbar->after(Object(CodeIgniter\HTTP\IncomingRequest), Object(CodeIgniter\HTTP\Response), NULL)
#8 C:\wamp64\www\CodeIgniter4-develop\system\CodeIgniter.php(427): CodeIgniter\Filters\Filters->run('contratos', 'after')
#9 C:\wamp64\www\CodeIgniter4-develop\system\CodeIgniter.php(318): CodeIgniter\CodeIgniter->handleRequest(NULL, Object(Config\Cache), false)
#10 C:\wamp64\www\CodeIgniter4-develop\public\index.php(37): CodeIgniter\CodeIgniter->run()
#11 {main}
CRITICAL - 2021-12-06 10:35:39 --> Use of undefined constant VENDORPATH - assumed 'VENDORPATH' (this will throw an Error in a future version of PHP)
#0 C:\wamp64\www\CodeIgniter4-develop\system\Debug\Toolbar\Collectors\Database.php(144): CodeIgniter\Debug\Exceptions->errorHandler(2, 'Use of undefine...', 'C:\\wamp64\\www\\C...', 144, Array)
#1 [internal function]: CodeIgniter\Debug\Toolbar\Collectors\Database::CodeIgniter\Debug\Toolbar\Collectors\{closure}(Array)
#2 C:\wamp64\www\CodeIgniter4-develop\system\Debug\Toolbar\Collectors\Database.php(163): array_map(Object(Closure), Array)
#3 C:\wamp64\www\CodeIgniter4-develop\system\Debug\Toolbar\Collectors\BaseCollector.php(224): CodeIgniter\Debug\Toolbar\Collectors\Database->display()
#4 C:\wamp64\www\CodeIgniter4-develop\system\Debug\Toolbar.php(90): CodeIgniter\Debug\Toolbar\Collectors\BaseCollector->getAsArray()
#5 C:\wamp64\www\CodeIgniter4-develop\system\Debug\Toolbar.php(368): CodeIgniter\Debug\Toolbar->run(1638808538.982, 0.0384, Object(CodeIgniter\HTTP\IncomingRequest), Object(CodeIgniter\HTTP\Response))
#6 C:\wamp64\www\CodeIgniter4-develop\system\Filters\DebugToolbar.php(40): CodeIgniter\Debug\Toolbar->prepare(Object(CodeIgniter\HTTP\IncomingRequest), Object(CodeIgniter\HTTP\Response))
#7 C:\wamp64\www\CodeIgniter4-develop\system\Filters\Filters.php(196): CodeIgniter\Filters\DebugToolbar->after(Object(CodeIgniter\HTTP\IncomingRequest), Object(CodeIgniter\HTTP\Response), NULL)
#8 C:\wamp64\www\CodeIgniter4-develop\system\CodeIgniter.php(427): CodeIgniter\Filters\Filters->run('contratos', 'after')
#9 C:\wamp64\www\CodeIgniter4-develop\system\CodeIgniter.php(318): CodeIgniter\CodeIgniter->handleRequest(NULL, Object(Config\Cache), false)
#10 C:\wamp64\www\CodeIgniter4-develop\public\index.php(37): CodeIgniter\CodeIgniter->run()
#11 {main}
CRITICAL - 2021-12-06 10:51:32 --> Invalid argument supplied for foreach()
#0 C:\wamp64\www\CodeIgniter4-develop\app\Views\Contratos\edit.php(35): CodeIgniter\Debug\Exceptions->errorHandler(2, 'Invalid argumen...', 'C:\\wamp64\\www\\C...', 35, Array)
#1 C:\wamp64\www\CodeIgniter4-develop\system\View\View.php(214): include('C:\\wamp64\\www\\C...')
#2 C:\wamp64\www\CodeIgniter4-develop\system\View\View.php(217): CodeIgniter\View\View->CodeIgniter\View\{closure}()
#3 C:\wamp64\www\CodeIgniter4-develop\system\Common.php(1097): CodeIgniter\View\View->render('contratos/edit', Array, true)
#4 C:\wamp64\www\CodeIgniter4-develop\app\Controllers\ContratosController.php(37): view('contratos/edit')
#5 C:\wamp64\www\CodeIgniter4-develop\system\CodeIgniter.php(824): App\Controllers\ContratosController->edit('1')
#6 C:\wamp64\www\CodeIgniter4-develop\system\CodeIgniter.php(410): CodeIgniter\CodeIgniter->runController(Object(App\Controllers\ContratosController))
#7 C:\wamp64\www\CodeIgniter4-develop\system\CodeIgniter.php(318): CodeIgniter\CodeIgniter->handleRequest(NULL, Object(Config\Cache), false)
#8 C:\wamp64\www\CodeIgniter4-develop\public\index.php(37): CodeIgniter\CodeIgniter->run()
#9 {main}
CRITICAL - 2021-12-06 10:51:33 --> Invalid argument supplied for foreach()
#0 C:\wamp64\www\CodeIgniter4-develop\app\Views\Contratos\edit.php(35): CodeIgniter\Debug\Exceptions->errorHandler(2, 'Invalid argumen...', 'C:\\wamp64\\www\\C...', 35, Array)
#1 C:\wamp64\www\CodeIgniter4-develop\system\View\View.php(214): include('C:\\wamp64\\www\\C...')
#2 C:\wamp64\www\CodeIgniter4-develop\system\View\View.php(217): CodeIgniter\View\View->CodeIgniter\View\{closure}()
#3 C:\wamp64\www\CodeIgniter4-develop\system\Common.php(1097): CodeIgniter\View\View->render('contratos/edit', Array, true)
#4 C:\wamp64\www\CodeIgniter4-develop\app\Controllers\ContratosController.php(37): view('contratos/edit')
#5 C:\wamp64\www\CodeIgniter4-develop\system\CodeIgniter.php(824): App\Controllers\ContratosController->edit('1')
#6 C:\wamp64\www\CodeIgniter4-develop\system\CodeIgniter.php(410): CodeIgniter\CodeIgniter->runController(Object(App\Controllers\ContratosController))
#7 C:\wamp64\www\CodeIgniter4-develop\system\CodeIgniter.php(318): CodeIgniter\CodeIgniter->handleRequest(NULL, Object(Config\Cache), false)
#8 C:\wamp64\www\CodeIgniter4-develop\public\index.php(37): CodeIgniter\CodeIgniter->run()
#9 {main}
CRITICAL - 2021-12-06 10:51:35 --> Invalid argument supplied for foreach()
#0 C:\wamp64\www\CodeIgniter4-develop\app\Views\Contratos\edit.php(35): CodeIgniter\Debug\Exceptions->errorHandler(2, 'Invalid argumen...', 'C:\\wamp64\\www\\C...', 35, Array)
#1 C:\wamp64\www\CodeIgniter4-develop\system\View\View.php(214): include('C:\\wamp64\\www\\C...')
#2 C:\wamp64\www\CodeIgniter4-develop\system\View\View.php(217): CodeIgniter\View\View->CodeIgniter\View\{closure}()
#3 C:\wamp64\www\CodeIgniter4-develop\system\Common.php(1097): CodeIgniter\View\View->render('contratos/edit', Array, true)
#4 C:\wamp64\www\CodeIgniter4-develop\app\Controllers\ContratosController.php(37): view('contratos/edit')
#5 C:\wamp64\www\CodeIgniter4-develop\system\CodeIgniter.php(824): App\Controllers\ContratosController->edit('1')
#6 C:\wamp64\www\CodeIgniter4-develop\system\CodeIgniter.php(410): CodeIgniter\CodeIgniter->runController(Object(App\Controllers\ContratosController))
#7 C:\wamp64\www\CodeIgniter4-develop\system\CodeIgniter.php(318): CodeIgniter\CodeIgniter->handleRequest(NULL, Object(Config\Cache), false)
#8 C:\wamp64\www\CodeIgniter4-develop\public\index.php(37): CodeIgniter\CodeIgniter->run()
#9 {main}
CRITICAL - 2021-12-06 11:11:50 --> Use of undefined constant VENDORPATH - assumed 'VENDORPATH' (this will throw an Error in a future version of PHP)
#0 C:\wamp64\www\CodeIgniter4-develop\system\Debug\Toolbar\Collectors\Database.php(144): CodeIgniter\Debug\Exceptions->errorHandler(2, 'Use of undefine...', 'C:\\wamp64\\www\\C...', 144, Array)
#1 [internal function]: CodeIgniter\Debug\Toolbar\Collectors\Database::CodeIgniter\Debug\Toolbar\Collectors\{closure}(Array)
#2 C:\wamp64\www\CodeIgniter4-develop\system\Debug\Toolbar\Collectors\Database.php(163): array_map(Object(Closure), Array)
#3 C:\wamp64\www\CodeIgniter4-develop\system\Debug\Toolbar\Collectors\BaseCollector.php(224): CodeIgniter\Debug\Toolbar\Collectors\Database->display()
#4 C:\wamp64\www\CodeIgniter4-develop\system\Debug\Toolbar.php(90): CodeIgniter\Debug\Toolbar\Collectors\BaseCollector->getAsArray()
#5 C:\wamp64\www\CodeIgniter4-develop\system\Debug\Toolbar.php(368): CodeIgniter\Debug\Toolbar->run(1638810710.6647, 0.0459, Object(CodeIgniter\HTTP\IncomingRequest), Object(CodeIgniter\HTTP\Response))
#6 C:\wamp64\www\CodeIgniter4-develop\system\Filters\DebugToolbar.php(40): CodeIgniter\Debug\Toolbar->prepare(Object(CodeIgniter\HTTP\IncomingRequest), Object(CodeIgniter\HTTP\Response))
#7 C:\wamp64\www\CodeIgniter4-develop\system\Filters\Filters.php(196): CodeIgniter\Filters\DebugToolbar->after(Object(CodeIgniter\HTTP\IncomingRequest), Object(CodeIgniter\HTTP\Response), NULL)
#8 C:\wamp64\www\CodeIgniter4-develop\system\CodeIgniter.php(427): CodeIgniter\Filters\Filters->run('contratos/edit/...', 'after')
#9 C:\wamp64\www\CodeIgniter4-develop\system\CodeIgniter.php(318): CodeIgniter\CodeIgniter->handleRequest(NULL, Object(Config\Cache), false)
#10 C:\wamp64\www\CodeIgniter4-develop\public\index.php(37): CodeIgniter\CodeIgniter->run()
#11 {main}
CRITICAL - 2021-12-06 11:46:59 --> syntax error, unexpected 'background' (T_STRING), expecting ';' or ','
#0 C:\wamp64\www\CodeIgniter4-develop\system\View\View.php(217): CodeIgniter\View\View->CodeIgniter\View\{closure}()
#1 C:\wamp64\www\CodeIgniter4-develop\system\Common.php(1097): CodeIgniter\View\View->render('contratos/index', Array, true)
#2 C:\wamp64\www\CodeIgniter4-develop\app\Controllers\ContratosController.php(15): view('contratos/index', Array)
#3 C:\wamp64\www\CodeIgniter4-develop\system\CodeIgniter.php(824): App\Controllers\ContratosController->index()
#4 C:\wamp64\www\CodeIgniter4-develop\system\CodeIgniter.php(410): CodeIgniter\CodeIgniter->runController(Object(App\Controllers\ContratosController))
#5 C:\wamp64\www\CodeIgniter4-develop\system\CodeIgniter.php(318): CodeIgniter\CodeIgniter->handleRequest(NULL, Object(Config\Cache), false)
#6 C:\wamp64\www\CodeIgniter4-develop\public\index.php(37): CodeIgniter\CodeIgniter->run()
#7 {main}
CRITICAL - 2021-12-06 11:47:00 --> syntax error, unexpected 'background' (T_STRING), expecting ';' or ','
#0 C:\wamp64\www\CodeIgniter4-develop\system\View\View.php(217): CodeIgniter\View\View->CodeIgniter\View\{closure}()
#1 C:\wamp64\www\CodeIgniter4-develop\system\Common.php(1097): CodeIgniter\View\View->render('contratos/index', Array, true)
#2 C:\wamp64\www\CodeIgniter4-develop\app\Controllers\ContratosController.php(15): view('contratos/index', Array)
#3 C:\wamp64\www\CodeIgniter4-develop\system\CodeIgniter.php(824): App\Controllers\ContratosController->index()
#4 C:\wamp64\www\CodeIgniter4-develop\system\CodeIgniter.php(410): CodeIgniter\CodeIgniter->runController(Object(App\Controllers\ContratosController))
#5 C:\wamp64\www\CodeIgniter4-develop\system\CodeIgniter.php(318): CodeIgniter\CodeIgniter->handleRequest(NULL, Object(Config\Cache), false)
#6 C:\wamp64\www\CodeIgniter4-develop\public\index.php(37): CodeIgniter\CodeIgniter->run()
#7 {main}
CRITICAL - 2021-12-06 11:47:22 --> syntax error, unexpected 'red' (T_STRING), expecting ';' or ','
#0 C:\wamp64\www\CodeIgniter4-develop\system\View\View.php(217): CodeIgniter\View\View->CodeIgniter\View\{closure}()
#1 C:\wamp64\www\CodeIgniter4-develop\system\Common.php(1097): CodeIgniter\View\View->render('contratos/index', Array, true)
#2 C:\wamp64\www\CodeIgniter4-develop\app\Controllers\ContratosController.php(15): view('contratos/index', Array)
#3 C:\wamp64\www\CodeIgniter4-develop\system\CodeIgniter.php(824): App\Controllers\ContratosController->index()
#4 C:\wamp64\www\CodeIgniter4-develop\system\CodeIgniter.php(410): CodeIgniter\CodeIgniter->runController(Object(App\Controllers\ContratosController))
#5 C:\wamp64\www\CodeIgniter4-develop\system\CodeIgniter.php(318): CodeIgniter\CodeIgniter->handleRequest(NULL, Object(Config\Cache), false)
#6 C:\wamp64\www\CodeIgniter4-develop\public\index.php(37): CodeIgniter\CodeIgniter->run()
#7 {main}
CRITICAL - 2021-12-06 11:47:23 --> syntax error, unexpected 'red' (T_STRING), expecting ';' or ','
#0 C:\wamp64\www\CodeIgniter4-develop\system\View\View.php(217): CodeIgniter\View\View->CodeIgniter\View\{closure}()
#1 C:\wamp64\www\CodeIgniter4-develop\system\Common.php(1097): CodeIgniter\View\View->render('contratos/index', Array, true)
#2 C:\wamp64\www\CodeIgniter4-develop\app\Controllers\ContratosController.php(15): view('contratos/index', Array)
#3 C:\wamp64\www\CodeIgniter4-develop\system\CodeIgniter.php(824): App\Controllers\ContratosController->index()
#4 C:\wamp64\www\CodeIgniter4-develop\system\CodeIgniter.php(410): CodeIgniter\CodeIgniter->runController(Object(App\Controllers\ContratosController))
#5 C:\wamp64\www\CodeIgniter4-develop\system\CodeIgniter.php(318): CodeIgniter\CodeIgniter->handleRequest(NULL, Object(Config\Cache), false)
#6 C:\wamp64\www\CodeIgniter4-develop\public\index.php(37): CodeIgniter\CodeIgniter->run()
#7 {main}
CRITICAL - 2021-12-06 12:00:44 --> Call to a member function format() on bool
#0 C:\wamp64\www\CodeIgniter4-develop\system\View\View.php(214): include()
#1 C:\wamp64\www\CodeIgniter4-develop\system\View\View.php(217): CodeIgniter\View\View->CodeIgniter\View\{closure}()
#2 C:\wamp64\www\CodeIgniter4-develop\system\Common.php(1097): CodeIgniter\View\View->render('contratos/index', Array, true)
#3 C:\wamp64\www\CodeIgniter4-develop\app\Controllers\ContratosController.php(15): view('contratos/index', Array)
#4 C:\wamp64\www\CodeIgniter4-develop\system\CodeIgniter.php(824): App\Controllers\ContratosController->index()
#5 C:\wamp64\www\CodeIgniter4-develop\system\CodeIgniter.php(410): CodeIgniter\CodeIgniter->runController(Object(App\Controllers\ContratosController))
#6 C:\wamp64\www\CodeIgniter4-develop\system\CodeIgniter.php(318): CodeIgniter\CodeIgniter->handleRequest(NULL, Object(Config\Cache), false)
#7 C:\wamp64\www\CodeIgniter4-develop\public\index.php(37): CodeIgniter\CodeIgniter->run()
#8 {main}
CRITICAL - 2021-12-06 12:22:23 --> Object of class DateTime could not be converted to string
#0 C:\wamp64\www\CodeIgniter4-develop\system\View\View.php(214): include()
#1 C:\wamp64\www\CodeIgniter4-develop\system\View\View.php(217): CodeIgniter\View\View->CodeIgniter\View\{closure}()
#2 C:\wamp64\www\CodeIgniter4-develop\system\Common.php(1097): CodeIgniter\View\View->render('contratos/index', Array, true)
#3 C:\wamp64\www\CodeIgniter4-develop\app\Controllers\ContratosController.php(15): view('contratos/index', Array)
#4 C:\wamp64\www\CodeIgniter4-develop\system\CodeIgniter.php(824): App\Controllers\ContratosController->index()
#5 C:\wamp64\www\CodeIgniter4-develop\system\CodeIgniter.php(410): CodeIgniter\CodeIgniter->runController(Object(App\Controllers\ContratosController))
#6 C:\wamp64\www\CodeIgniter4-develop\system\CodeIgniter.php(318): CodeIgniter\CodeIgniter->handleRequest(NULL, Object(Config\Cache), false)
#7 C:\wamp64\www\CodeIgniter4-develop\public\index.php(37): CodeIgniter\CodeIgniter->run()
#8 {main}
CRITICAL - 2021-12-06 12:22:28 --> Object of class DateTime could not be converted to string
#0 C:\wamp64\www\CodeIgniter4-develop\system\View\View.php(214): include()
#1 C:\wamp64\www\CodeIgniter4-develop\system\View\View.php(217): CodeIgniter\View\View->CodeIgniter\View\{closure}()
#2 C:\wamp64\www\CodeIgniter4-develop\system\Common.php(1097): CodeIgniter\View\View->render('contratos/index', Array, true)
#3 C:\wamp64\www\CodeIgniter4-develop\app\Controllers\ContratosController.php(15): view('contratos/index', Array)
#4 C:\wamp64\www\CodeIgniter4-develop\system\CodeIgniter.php(824): App\Controllers\ContratosController->index()
#5 C:\wamp64\www\CodeIgniter4-develop\system\CodeIgniter.php(410): CodeIgniter\CodeIgniter->runController(Object(App\Controllers\ContratosController))
#6 C:\wamp64\www\CodeIgniter4-develop\system\CodeIgniter.php(318): CodeIgniter\CodeIgniter->handleRequest(NULL, Object(Config\Cache), false)
#7 C:\wamp64\www\CodeIgniter4-develop\public\index.php(37): CodeIgniter\CodeIgniter->run()
#8 {main}
CRITICAL - 2021-12-06 12:22:29 --> Object of class DateTime could not be converted to string
#0 C:\wamp64\www\CodeIgniter4-develop\system\View\View.php(214): include()
#1 C:\wamp64\www\CodeIgniter4-develop\system\View\View.php(217): CodeIgniter\View\View->CodeIgniter\View\{closure}()
#2 C:\wamp64\www\CodeIgniter4-develop\system\Common.php(1097): CodeIgniter\View\View->render('contratos/index', Array, true)
#3 C:\wamp64\www\CodeIgniter4-develop\app\Controllers\ContratosController.php(15): view('contratos/index', Array)
#4 C:\wamp64\www\CodeIgniter4-develop\system\CodeIgniter.php(824): App\Controllers\ContratosController->index()
#5 C:\wamp64\www\CodeIgniter4-develop\system\CodeIgniter.php(410): CodeIgniter\CodeIgniter->runController(Object(App\Controllers\ContratosController))
#6 C:\wamp64\www\CodeIgniter4-develop\system\CodeIgniter.php(318): CodeIgniter\CodeIgniter->handleRequest(NULL, Object(Config\Cache), false)
#7 C:\wamp64\www\CodeIgniter4-develop\public\index.php(37): CodeIgniter\CodeIgniter->run()
#8 {main}
CRITICAL - 2021-12-06 12:29:33 --> Return value of CodeIgniter\BaseModel::transformDataToArray() must be of the type array, string returned
#0 C:\wamp64\www\CodeIgniter4-develop\system\BaseModel.php(704): CodeIgniter\BaseModel->transformDataToArray('contrato_data_i...', 'insert')
#1 C:\wamp64\www\CodeIgniter4-develop\system\Model.php(620): CodeIgniter\BaseModel->insert('contrato_data_i...', false)
#2 C:\wamp64\www\CodeIgniter4-develop\system\BaseModel.php(658): CodeIgniter\Model->insert('contrato_data_i...', false)
#3 C:\wamp64\www\CodeIgniter4-develop\app\Controllers\ContratosController.php(34): CodeIgniter\BaseModel->save('contrato_data_i...')
#4 C:\wamp64\www\CodeIgniter4-develop\system\CodeIgniter.php(824): App\Controllers\ContratosController->store()
#5 C:\wamp64\www\CodeIgniter4-develop\system\CodeIgniter.php(410): CodeIgniter\CodeIgniter->runController(Object(App\Controllers\ContratosController))
#6 C:\wamp64\www\CodeIgniter4-develop\system\CodeIgniter.php(318): CodeIgniter\CodeIgniter->handleRequest(NULL, Object(Config\Cache), false)
#7 C:\wamp64\www\CodeIgniter4-develop\public\index.php(37): CodeIgniter\CodeIgniter->run()
#8 {main}
